        -:    0:Source:unittest1.c
        -:    0:Graph:unittest1.gcno
        -:    0:Data:unittest1.gcda
        -:    0:Runs:1
        -:    0:Programs:1
        -:    1:
        -:    2:#include "dominion.h"
        -:    3:#include "dominion_helpers.h"
        -:    4:#include "rngs.h"
        -:    5:#include <string.h>
        -:    6:#include <stdio.h>
        -:    7:#include <math.h>
        -:    8:#include <stdlib.h>
        -:    9:#include <assert.h>
        -:   10:
        -:   11://Unit test 1 tests cards existance, can player buy the card,and re-check card amount
function main called 1 returned 100% blocks executed 71%
        -:   12:int main (int argc, char** argv){
        -:   13:	struct gameState G;
        1:   14:	printf("\n** Unit test 1: Buying Cards **\n");
        1:   15:	G.numBuys = 2;
        1:   16:	G.coins = 2;
        1:   17:	printf("\nDoes player have enough coins?\n");
        1:   18: 	int test = buyCard(2, &G);
        1:   19:		if(test == -1)
branch  0 taken 100%
branch  1 taken 0%
        1:   20:			printf("Test Passed\n");
        -:   21:		else
    #####:   22:			printf("Test Failed\n");
        -:   23:
        1:   24:	printf("\nAttempting to buy desired card!\n");
        1:   25:	G.coins = 10;
        1:   26:	test = buyCard(2, &G);
        1:   27:	if(test == 0){
branch  0 taken 0%
branch  1 taken 100%
    #####:   28:		printf("Testing Passed\n");
    #####:   29:	} else {
        1:   30:		printf("Testing Failed\n");
        -:   31:	}
        -:   32:
        1:   33: 	printf("\nChecking amount?\n");
        1:   34: 	test = buyCard(2, &G);
        1:   35:	if(test == 0) {
branch  0 taken 0%
branch  1 taken 100%
    #####:   36:		printf("Test Passed\n");
    #####:   37:	} else {
        1:   38:		printf("Test Failed\n");
        -:   39:	}
        -:   40:
        1:   41: 	printf("Check to see if player still has existing Buys: \n");
        1:   42: 	G.coins = 6;
        1:   43:	test = buyCard(2, &G);
        1:   44:	if(test == -1)
branch  0 taken 100%
branch  1 taken 0%
        -:   45:	{
        1:   46:		printf("Test Passed\n");
        1:   47:	} else {
    #####:   48:		printf("Test Failed\n");
        -:   49:	}
        -:   50:
        1:   51: 	printf("\n** End of Unit Test 1: Buying Cards **\n");
        -:   52:
        1:   53: 	return 0;
        -:   54:}
